Using pre-set license
Built from '2021.3/release' branch; Version is '2021.3.17f1 (3e8111cac19d) revision 4096273'; Using compiler version '192829333'; Build Type 'Release'
OS: 'Windows 10  (10.0.19044) 64bit Core' Language: 'zh' Physical Memory: 32702 MB
BatchMode: 1, IsHumanControllingUs: 0, StartBugReporterOnCrash: 0, Is64bit: 1, IsPro: 1

COMMAND LINE ARGUMENTS:
C:\Program Files\Unity\Hub\Editor\2021.3.17f1\Editor\Unity.exe
-adb2
-batchMode
-noUpm
-name
AssetImportWorker3
-projectPath
C:/Users/tsang/Documents/Github/GGJ2023/GGJ 2023 Roots
-logFile
Logs/AssetImportWorker3.log
-srvPort
49354
Successfully changed project path to: C:/Users/tsang/Documents/Github/GGJ2023/GGJ 2023 Roots
C:/Users/tsang/Documents/Github/GGJ2023/GGJ 2023 Roots
[UnityMemory] Configuration Parameters - Can be set up in boot.config
    "memorysetup-bucket-allocator-granularity=16"
    "memorysetup-bucket-allocator-bucket-count=8"
    "memorysetup-bucket-allocator-block-size=33554432"
    "memorysetup-bucket-allocator-block-count=8"
    "memorysetup-main-allocator-block-size=16777216"
    "memorysetup-thread-allocator-block-size=16777216"
    "memorysetup-gfx-main-allocator-block-size=16777216"
    "memorysetup-gfx-thread-allocator-block-size=16777216"
    "memorysetup-cache-allocator-block-size=4194304"
    "memorysetup-typetree-allocator-block-size=2097152"
    "memorysetup-profiler-bucket-allocator-granularity=16"
    "memorysetup-profiler-bucket-allocator-bucket-count=8"
    "memorysetup-profiler-bucket-allocator-block-size=33554432"
    "memorysetup-profiler-bucket-allocator-block-count=8"
    "memorysetup-profiler-allocator-block-size=16777216"
    "memorysetup-profiler-editor-allocator-block-size=1048576"
    "memorysetup-temp-allocator-size-main=16777216"
    "memorysetup-job-temp-allocator-block-size=2097152"
    "memorysetup-job-temp-allocator-block-size-background=1048576"
    "memorysetup-job-temp-allocator-reduction-small-platforms=262144"
    "memorysetup-temp-allocator-size-background-worker=32768"
    "memorysetup-temp-allocator-size-job-worker=262144"
    "memorysetup-temp-allocator-size-preload-manager=33554432"
    "memorysetup-temp-allocator-size-nav-mesh-worker=65536"
    "memorysetup-temp-allocator-size-audio-worker=65536"
    "memorysetup-temp-allocator-size-cloud-worker=32768"
    "memorysetup-temp-allocator-size-gi-baking-worker=262144"
    "memorysetup-temp-allocator-size-gfx=262144"
Player connection [14988] Host "[IP] 192.168.1.109 [Port] 0 [Flags] 2 [Guid] 4155974902 [EditorId] 4155974902 [Version] 1048832 [Id] WindowsEditor(7,DESKTOP-3M1AN8R) [Debug] 1 [PackageName] WindowsEditor [ProjectName] Editor" joined multi-casting on [225.0.0.222:54997]...

Player connection [14988] Host "[IP] 192.168.1.109 [Port] 0 [Flags] 2 [Guid] 4155974902 [EditorId] 4155974902 [Version] 1048832 [Id] WindowsEditor(7,DESKTOP-3M1AN8R) [Debug] 1 [PackageName] WindowsEditor [ProjectName] Editor" joined alternative multi-casting on [225.0.0.222:34997]...

Refreshing native plugins compatible for Editor in 92.88 ms, found 3 plugins.
Preloading 0 native plugins for Editor in 0.00 ms.
Initialize engine version: 2021.3.17f1 (3e8111cac19d)
[Subsystems] Discovering subsystems at path C:/Program Files/Unity/Hub/Editor/2021.3.17f1/Editor/Data/Resources/UnitySubsystems
[Subsystems] Discovering subsystems at path C:/Users/tsang/Documents/Github/GGJ2023/GGJ 2023 Roots/Assets
GfxDevice: creating device client; threaded=0; jobified=0
Direct3D:
    Version:  Direct3D 11.0 [level 11.1]
    Renderer: NVIDIA GeForce GTX 1650 SUPER (ID=0x2187)
    Vendor:   NVIDIA
    VRAM:     3943 MB
    Driver:   31.0.15.2802
Initialize mono
Mono path[0] = 'C:/Program Files/Unity/Hub/Editor/2021.3.17f1/Editor/Data/Managed'
Mono path[1] = 'C:/Program Files/Unity/Hub/Editor/2021.3.17f1/Editor/Data/MonoBleedingEdge/lib/mono/unityjit-win32'
Mono config path = 'C:/Program Files/Unity/Hub/Editor/2021.3.17f1/Editor/Data/MonoBleedingEdge/etc'
Using monoOptions --debugger-agent=transport=dt_socket,embedding=1,server=y,suspend=n,address=127.0.0.1:56548
Begin MonoManager ReloadAssembly
Registering precompiled unity dll's ...
Register platform support module: C:/Program Files/Unity/Hub/Editor/2021.3.17f1/Editor/Data/PlaybackEngines/WindowsStandaloneSupport/UnityEditor.WindowsStandalone.Extensions.dll
Registered in 0.005516 seconds.
Native extension for WindowsStandalone target not found
Refreshing native plugins compatible for Editor in 92.65 ms, found 3 plugins.
Preloading 0 native plugins for Editor in 0.00 ms.
Mono: successfully reloaded assembly
- Completed reload, in  0.633 seconds
Domain Reload Profiling:
	ReloadAssembly (634ms)
		BeginReloadAssembly (77ms)
			ExecutionOrderSort (0ms)
			DisableScriptedObjects (0ms)
			BackupInstance (0ms)
			ReleaseScriptingObjects (0ms)
			CreateAndSetChildDomain (1ms)
		EndReloadAssembly (438ms)
			LoadAssemblies (74ms)
			RebuildTransferFunctionScriptingTraits (0ms)
			SetupTypeCache (105ms)
			ReleaseScriptCaches (0ms)
			RebuildScriptCaches (25ms)
			SetupLoadedEditorAssemblies (261ms)
				LogAssemblyErrors (0ms)
				InitializePlatformSupportModulesInManaged (7ms)
				SetLoadedEditorAssemblies (0ms)
				RefreshPlugins (93ms)
				BeforeProcessingInitializeOnLoad (1ms)
				ProcessInitializeOnLoadAttributes (118ms)
				ProcessInitializeOnLoadMethodAttributes (42ms)
				AfterProcessingInitializeOnLoad (0ms)
				EditorAssembliesLoaded (0ms)
			ExecutionOrderSort2 (0ms)
			AwakeInstancesAfterBackupRestoration (0ms)
Platform modules already initialized, skipping
Registering precompiled user dll's ...
Registered in 0.004533 seconds.
Begin MonoManager ReloadAssembly
Symbol file LoadedFromMemory doesn't match image C:\Users\tsang\Documents\Github\GGJ2023\GGJ 2023 Roots\Library\PackageCache\com.unity.visualscripting@1.8.0\Editor\VisualScripting.Core\Dependencies\YamlDotNet\Unity.VisualScripting.YamlDotNet.dll
Symbol file LoadedFromMemory doesn't match image C:\Users\tsang\Documents\Github\GGJ2023\GGJ 2023 Roots\Library\PackageCache\com.unity.visualscripting@1.8.0\Editor\VisualScripting.Core\Dependencies\DotNetZip\Unity.VisualScripting.IonicZip.dll
Native extension for WindowsStandalone target not found
Refreshing native plugins compatible for Editor in 1.31 ms, found 3 plugins.
Preloading 0 native plugins for Editor in 0.00 ms.
Mono: successfully reloaded assembly
- Completed reload, in  1.155 seconds
Domain Reload Profiling:
	ReloadAssembly (1156ms)
		BeginReloadAssembly (99ms)
			ExecutionOrderSort (0ms)
			DisableScriptedObjects (5ms)
			BackupInstance (0ms)
			ReleaseScriptingObjects (0ms)
			CreateAndSetChildDomain (16ms)
		EndReloadAssembly (936ms)
			LoadAssemblies (73ms)
			RebuildTransferFunctionScriptingTraits (0ms)
			SetupTypeCache (277ms)
			ReleaseScriptCaches (1ms)
			RebuildScriptCaches (55ms)
			SetupLoadedEditorAssemblies (450ms)
				LogAssemblyErrors (0ms)
				InitializePlatformSupportModulesInManaged (5ms)
				SetLoadedEditorAssemblies (3ms)
				RefreshPlugins (1ms)
				BeforeProcessingInitializeOnLoad (136ms)
				ProcessInitializeOnLoadAttributes (248ms)
				ProcessInitializeOnLoadMethodAttributes (38ms)
				AfterProcessingInitializeOnLoad (17ms)
				EditorAssembliesLoaded (1ms)
			ExecutionOrderSort2 (0ms)
			AwakeInstancesAfterBackupRestoration (10ms)
Platform modules already initialized, skipping
========================================================================
Worker process is ready to serve import requests
Launched and connected shader compiler UnityShaderCompiler.exe after 0.04 seconds
Refreshing native plugins compatible for Editor in 0.63 ms, found 3 plugins.
Preloading 0 native plugins for Editor in 0.00 ms.
Unloading 3649 Unused Serialized files (Serialized files now loaded: 0)
Unloading 99 unused Assets / (11.7 MB). Loaded Objects now: 4053.
Memory consumption went from 181.3 MB to 169.7 MB.
Total: 9.221000 ms (FindLiveObjects: 0.374500 ms CreateObjectMapping: 0.358800 ms MarkObjects: 2.665500 ms  DeleteObjects: 5.821100 ms)

AssetImportParameters requested are different than current active one (requested -> active):
  custom:video-decoder-ogg-theora: a1e56fd34408186e4bbccfd4996cb3dc -> 
  custom:container-muxer-webm: aa71ff27fc2769a1b78a27578f13a17b -> 
  custom:container-demuxer-webm: 4f35f7cbe854078d1ac9338744f61a02 -> 
  custom:video-encoder-webm-vp8: eb34c28f22e8b96e1ab97ce403110664 -> 
  custom:audio-encoder-webm-vorbis: bf7c407c2cedff20999df2af8eb42d56 -> 
  custom:framework-win-MediaFoundation: 216162199b28c13a410421893ffa2e32 -> 
  custom:container-demuxer-ogg: 62fdf1f143b41e24485cea50d1cbac27 -> 
  custom:video-decoder-webm-vp8: 9c59270c3fd7afecdb556c50c9e8de78 -> 
  custom:audio-decoder-ogg-vorbis: bf7c407c2cedff20999df2af8eb42d56 -> 
========================================================================
Received Import Request.
  Time since last request: 860879.006361 seconds.
  path: Assets/Fantasy Skybox FREE/Cubemaps/FS017/Images/FS017_Sunset_Cubemap_back.png
  artifactKey: Guid(2137885ed498f1145a295dafd6771f20) Importer(815301076,1909f56bfc062723c751e8b465ee728b)
Start importing Assets/Fantasy Skybox FREE/Cubemaps/FS017/Images/FS017_Sunset_Cubemap_back.png using Guid(2137885ed498f1145a295dafd6771f20) Importer(815301076,1909f56bfc062723c751e8b465ee728b)  -> (artifact id: 'b9ca5ad3ebcac720df14c9c799fa3d11') in 0.072996 seconds 
========================================================================
Received Import Request.
  Time since last request: 0.000021 seconds.
  path: Assets/Fantasy Skybox FREE/Cubemaps/FS013/Images/FS013_Sunrise_Cubemap_front.png
  artifactKey: Guid(b0d6abfddcb6a8541a661c6dfd16b6c0) Importer(815301076,1909f56bfc062723c751e8b465ee728b)
Start importing Assets/Fantasy Skybox FREE/Cubemaps/FS013/Images/FS013_Sunrise_Cubemap_front.png using Guid(b0d6abfddcb6a8541a661c6dfd16b6c0) Importer(815301076,1909f56bfc062723c751e8b465ee728b)  -> (artifact id: 'b2e0c076e130822fa71cf0f5455accd3') in 0.010872 seconds 
========================================================================
Received Import Request.
  Time since last request: 0.000023 seconds.
  path: Assets/Fantasy Skybox FREE/Cubemaps/FS013/Images/FS013_Day_Cubemap.cubemap
  artifactKey: Guid(bb40da361e28bea40b8bd5b31d99cf52) Importer(815301076,1909f56bfc062723c751e8b465ee728b)
Start importing Assets/Fantasy Skybox FREE/Cubemaps/FS013/Images/FS013_Day_Cubemap.cubemap using Guid(bb40da361e28bea40b8bd5b31d99cf52) Importer(815301076,1909f56bfc062723c751e8b465ee728b)  -> (artifact id: '7d57af287c20ae7b0fcf2361a6e3defe') in 0.358078 seconds 
========================================================================
Received Import Request.
  Time since last request: 0.000023 seconds.
  path: Assets/Fantasy Skybox FREE/Cubemaps/FS002/Images/FS002_Sunrise_Cubemap_right.png
  artifactKey: Guid(39714dc27ce0d9846bc94cc179c793b1) Importer(815301076,1909f56bfc062723c751e8b465ee728b)
Start importing Assets/Fantasy Skybox FREE/Cubemaps/FS002/Images/FS002_Sunrise_Cubemap_right.png using Guid(39714dc27ce0d9846bc94cc179c793b1) Importer(815301076,1909f56bfc062723c751e8b465ee728b)  -> (artifact id: '0f3c8a64024b3df41b97eac54e612016') in 0.011044 seconds 
========================================================================
Received Import Request.
  Time since last request: 0.000027 seconds.
  path: Packages/com.unity.postprocessing/PostProcessing/Textures/BlueNoise64px/LDR_LLL1_45.png
  artifactKey: Guid(b9960364038cbfa4aa49d7b2032d3110) Importer(815301076,1909f56bfc062723c751e8b465ee728b)
Start importing Packages/com.unity.postprocessing/PostProcessing/Textures/BlueNoise64px/LDR_LLL1_45.png using Guid(b9960364038cbfa4aa49d7b2032d3110) Importer(815301076,1909f56bfc062723c751e8b465ee728b)  -> (artifact id: '38194653955635d46b4ac619697ebf3d') in 0.012684 seconds 
========================================================================
Received Import Request.
  Time since last request: 0.000018 seconds.
  path: Assets/Fantasy Skybox FREE/Cubemaps/FS013/Images/FS013_Day_Cubemap_down.png
  artifactKey: Guid(bd047541345c68145ba0e6bacb5520fa) Importer(815301076,1909f56bfc062723c751e8b465ee728b)
Start importing Assets/Fantasy Skybox FREE/Cubemaps/FS013/Images/FS013_Day_Cubemap_down.png using Guid(bd047541345c68145ba0e6bacb5520fa) Importer(815301076,1909f56bfc062723c751e8b465ee728b)  -> (artifact id: '701b6a1371df21166bfc256ce54b4d8d') in 0.010328 seconds 
========================================================================
Received Import Request.
  Time since last request: 0.000020 seconds.
  path: Assets/Fantasy Skybox FREE/Cubemaps/FS017/Images/FS017_Day_Sunless_Cubemap_up.png
  artifactKey: Guid(8526f619a1771a348a4c03f7fcdcf532) Importer(815301076,1909f56bfc062723c751e8b465ee728b)
Start importing Assets/Fantasy Skybox FREE/Cubemaps/FS017/Images/FS017_Day_Sunless_Cubemap_up.png using Guid(8526f619a1771a348a4c03f7fcdcf532) Importer(815301076,1909f56bfc062723c751e8b465ee728b)  -> (artifact id: 'ba27437999fdaba82fb80b49d1e72055') in 0.011000 seconds 
========================================================================
Received Import Request.
  Time since last request: 0.000019 seconds.
  path: Assets/Fantasy Skybox FREE/Cubemaps/FS017/Images/FS017_Night_Moonless_Cubemap_back.png
  artifactKey: Guid(ede0c531f3e788e4eb4583002c760b2d) Importer(815301076,1909f56bfc062723c751e8b465ee728b)
Start importing Assets/Fantasy Skybox FREE/Cubemaps/FS017/Images/FS017_Night_Moonless_Cubemap_back.png using Guid(ede0c531f3e788e4eb4583002c760b2d) Importer(815301076,1909f56bfc062723c751e8b465ee728b)  -> (artifact id: '983def0b0e2ff819b9a29dde24b52cc7') in 0.010715 seconds 
========================================================================
Received Import Request.
  Time since last request: 0.000017 seconds.
  path: Assets/Fantasy Skybox FREE/Panoramics/FS003/FS003_Rainy.png
  artifactKey: Guid(ad211dc5ae928ef40b568736df2f62b0) Importer(815301076,1909f56bfc062723c751e8b465ee728b)
Start importing Assets/Fantasy Skybox FREE/Panoramics/FS003/FS003_Rainy.png using Guid(ad211dc5ae928ef40b568736df2f62b0) Importer(815301076,1909f56bfc062723c751e8b465ee728b)  -> (artifact id: '877237b113ce1dca97db6697d0527eac') in 0.011777 seconds 
========================================================================
Received Import Request.
  Time since last request: 0.000016 seconds.
  path: Assets/0_Takanashi/Other/TerrainForestFloor_Birch/TerrainForestFloor_Birch_roughness.png
  artifactKey: Guid(d1046b305ea65aa46ab64192dbf064ce) Importer(815301076,1909f56bfc062723c751e8b465ee728b)
Start importing Assets/0_Takanashi/Other/TerrainForestFloor_Birch/TerrainForestFloor_Birch_roughness.png using Guid(d1046b305ea65aa46ab64192dbf064ce) Importer(815301076,1909f56bfc062723c751e8b465ee728b)  -> (artifact id: 'bf761f9cd6bf60abd845279f461e3b76') in 0.013039 seconds 
========================================================================
Received Import Request.
  Time since last request: 0.000017 seconds.
  path: Assets/0_Takanashi/Other/TerrainForestFloor_Birch/TerrainForestFloor_Birch_normal.png
  artifactKey: Guid(ee10a7b533748744eb3567630b6bc111) Importer(815301076,1909f56bfc062723c751e8b465ee728b)
Start importing Assets/0_Takanashi/Other/TerrainForestFloor_Birch/TerrainForestFloor_Birch_normal.png using Guid(ee10a7b533748744eb3567630b6bc111) Importer(815301076,1909f56bfc062723c751e8b465ee728b)  -> (artifact id: '4308477670399ee20ca3a9e0b3380ad4') in 0.013019 seconds 
========================================================================
Received Import Request.
  Time since last request: 0.000019 seconds.
  path: Assets/0_Takanashi/Other/TerrainGrass/TerrainGrass_roughness.png
  artifactKey: Guid(6f489dc72b33b804ebc932ad2c129a88) Importer(815301076,1909f56bfc062723c751e8b465ee728b)
Start importing Assets/0_Takanashi/Other/TerrainGrass/TerrainGrass_roughness.png using Guid(6f489dc72b33b804ebc932ad2c129a88) Importer(815301076,1909f56bfc062723c751e8b465ee728b)  -> (artifact id: '073d00382926bc0c3d7aef2d7bb48cc0') in 0.044533 seconds 
========================================================================
Received Import Request.
  Time since last request: 0.000018 seconds.
  path: Assets/0_Takanashi/Other/TerrainGrass/TerrainGrass_height.png
  artifactKey: Guid(8eb574636e2ae0b4db39ce0c33e00cce) Importer(815301076,1909f56bfc062723c751e8b465ee728b)
Start importing Assets/0_Takanashi/Other/TerrainGrass/TerrainGrass_height.png using Guid(8eb574636e2ae0b4db39ce0c33e00cce) Importer(815301076,1909f56bfc062723c751e8b465ee728b)  -> (artifact id: '612c4cc815087e70003b6a4bedb94b05') in 0.032371 seconds 
========================================================================
Received Import Request.
  Time since last request: 0.000015 seconds.
  path: Packages/com.unity.postprocessing/PostProcessing/Textures/BlueNoise64px/LDR_LLL1_46.png
  artifactKey: Guid(8ecbbcae4cc747a4abbc4adce795d25e) Importer(815301076,1909f56bfc062723c751e8b465ee728b)
Start importing Packages/com.unity.postprocessing/PostProcessing/Textures/BlueNoise64px/LDR_LLL1_46.png using Guid(8ecbbcae4cc747a4abbc4adce795d25e) Importer(815301076,1909f56bfc062723c751e8b465ee728b)  -> (artifact id: 'a9348675f441a68ae8e7d0e0a5f912fd') in 0.011968 seconds 
========================================================================
Received Import Request.
  Time since last request: 0.000021 seconds.
  path: Packages/com.unity.postprocessing/PostProcessing/Gizmos/PostProcessLayer.png
  artifactKey: Guid(5f51e0b22aa8cb84b9f422576ce87ff9) Importer(815301076,1909f56bfc062723c751e8b465ee728b)
Start importing Packages/com.unity.postprocessing/PostProcessing/Gizmos/PostProcessLayer.png using Guid(5f51e0b22aa8cb84b9f422576ce87ff9) Importer(815301076,1909f56bfc062723c751e8b465ee728b)  -> (artifact id: '87a582e5f1ea35630029c1a3f64c7c80') in 0.013126 seconds 
========================================================================
Received Import Request.
  Time since last request: 0.000025 seconds.
  path: Assets/Fantasy Skybox FREE/Cubemaps/FS003/Images/FS003_Sunrise_Cubemap_down.png
  artifactKey: Guid(faa091a4f426571439024d7f5cd360c5) Importer(815301076,1909f56bfc062723c751e8b465ee728b)
Start importing Assets/Fantasy Skybox FREE/Cubemaps/FS003/Images/FS003_Sunrise_Cubemap_down.png using Guid(faa091a4f426571439024d7f5cd360c5) Importer(815301076,1909f56bfc062723c751e8b465ee728b)  -> (artifact id: '2f2f0b959577515f328cd4afb8ea0a5a') in 0.010488 seconds 
========================================================================
Received Import Request.
  Time since last request: 0.000018 seconds.
  path: Assets/Fantasy Skybox FREE/Cubemaps/FS003/Images/FS003_Night_Cubemap_front.png
  artifactKey: Guid(99cfb9c227fe67048851a5a2b3ca4a69) Importer(815301076,1909f56bfc062723c751e8b465ee728b)
Start importing Assets/Fantasy Skybox FREE/Cubemaps/FS003/Images/FS003_Night_Cubemap_front.png using Guid(99cfb9c227fe67048851a5a2b3ca4a69) Importer(815301076,1909f56bfc062723c751e8b465ee728b)  -> (artifact id: 'adde6d2273f96ac046f8872b8d0478d0') in 0.012646 seconds 
========================================================================
Received Import Request.
  Time since last request: 0.000017 seconds.
  path: Assets/0_Takanashi/Other/TerrainSand/TerrainSand_height.png
  artifactKey: Guid(67606fad422cc2448b22270b76520f43) Importer(815301076,1909f56bfc062723c751e8b465ee728b)
Start importing Assets/0_Takanashi/Other/TerrainSand/TerrainSand_height.png using Guid(67606fad422cc2448b22270b76520f43) Importer(815301076,1909f56bfc062723c751e8b465ee728b)  -> (artifact id: '67520e9e04fa2386d32c9aa46943a976') in 0.011088 seconds 
========================================================================
Received Import Request.
  Time since last request: 0.000017 seconds.
  path: Assets/0_Takanashi/Other/TerrainSnow/TerrainSnow_height.png
  artifactKey: Guid(f612b6d86dc19bf439880f36e3455c17) Importer(815301076,1909f56bfc062723c751e8b465ee728b)
Start importing Assets/0_Takanashi/Other/TerrainSnow/TerrainSnow_height.png using Guid(f612b6d86dc19bf439880f36e3455c17) Importer(815301076,1909f56bfc062723c751e8b465ee728b)  -> (artifact id: '42541df271051a5ad282db765a801dd0') in 0.011273 seconds 
========================================================================
Received Import Request.
  Time since last request: 0.000019 seconds.
  path: Packages/com.unity.postprocessing/PostProcessing/Textures/SpectralLUTs/SpectralLut_BlueRed.tga
  artifactKey: Guid(318cbcd94840f1d48aca4d86234dc2e7) Importer(815301076,1909f56bfc062723c751e8b465ee728b)
Start importing Packages/com.unity.postprocessing/PostProcessing/Textures/SpectralLUTs/SpectralLut_BlueRed.tga using Guid(318cbcd94840f1d48aca4d86234dc2e7) Importer(815301076,1909f56bfc062723c751e8b465ee728b)  -> (artifact id: '7b344046147f5dced8b196dba4d5ef1a') in 0.016378 seconds 
========================================================================
Received Import Request.
  Time since last request: 0.000027 seconds.
  path: Assets/Fantasy Skybox FREE/Cubemaps/FS003/Images/FS003_Night_Moonless_Cubemap_front.png
  artifactKey: Guid(c5bc5ddeff88f984182b140843037d43) Importer(815301076,1909f56bfc062723c751e8b465ee728b)
Start importing Assets/Fantasy Skybox FREE/Cubemaps/FS003/Images/FS003_Night_Moonless_Cubemap_front.png using Guid(c5bc5ddeff88f984182b140843037d43) Importer(815301076,1909f56bfc062723c751e8b465ee728b)  -> (artifact id: '8a61e322d2b17e229fad59637567e4e5') in 0.014526 seconds 
========================================================================
Received Import Request.
  Time since last request: 0.000017 seconds.
  path: Assets/Fantasy Skybox FREE/Cubemaps/FS013/Images/FS013_Night_Moonless_Cubemap_down.png
  artifactKey: Guid(e19faddf1ebd4f547a09cb46b6b3be0b) Importer(815301076,1909f56bfc062723c751e8b465ee728b)
Start importing Assets/Fantasy Skybox FREE/Cubemaps/FS013/Images/FS013_Night_Moonless_Cubemap_down.png using Guid(e19faddf1ebd4f547a09cb46b6b3be0b) Importer(815301076,1909f56bfc062723c751e8b465ee728b)  -> (artifact id: '3d9824a4339589602649ba67b0f06690') in 0.012940 seconds 
========================================================================
Received Import Request.
  Time since last request: 0.000018 seconds.
  path: Assets/Fantasy Skybox FREE/Cubemaps/FS002/Images/FS002_Sunrise_Cubemap_up.png
  artifactKey: Guid(4ac4900bf972e5143b74b72ef3ae47ac) Importer(815301076,1909f56bfc062723c751e8b465ee728b)
Start importing Assets/Fantasy Skybox FREE/Cubemaps/FS002/Images/FS002_Sunrise_Cubemap_up.png using Guid(4ac4900bf972e5143b74b72ef3ae47ac) Importer(815301076,1909f56bfc062723c751e8b465ee728b)  -> (artifact id: '64d42a97135bf8e61c768ca3a0f2a9e3') in 0.012479 seconds 
========================================================================
Received Import Request.
  Time since last request: 0.000022 seconds.
  path: Assets/0_Takanashi/Other/TerrainDirt/TerrainDirt_height.png
  artifactKey: Guid(c7806416a3dbf5f4f95f669e65e79bde) Importer(815301076,1909f56bfc062723c751e8b465ee728b)
Start importing Assets/0_Takanashi/Other/TerrainDirt/TerrainDirt_height.png using Guid(c7806416a3dbf5f4f95f669e65e79bde) Importer(815301076,1909f56bfc062723c751e8b465ee728b)  -> (artifact id: '8798b13d00b99b76f0982ce35689680b') in 0.012953 seconds 
========================================================================
Received Import Request.
  Time since last request: 0.000019 seconds.
  path: Packages/com.unity.postprocessing/PostProcessing/Textures/BlueNoise64px/LDR_LLL1_39.png
  artifactKey: Guid(547dbd5f858c74047ba3f213e4408307) Importer(815301076,1909f56bfc062723c751e8b465ee728b)
Start importing Packages/com.unity.postprocessing/PostProcessing/Textures/BlueNoise64px/LDR_LLL1_39.png using Guid(547dbd5f858c74047ba3f213e4408307) Importer(815301076,1909f56bfc062723c751e8b465ee728b)  -> (artifact id: '477c402b6c6bc5438fd0575d3b022e7c') in 0.012728 seconds 
========================================================================
Received Import Request.
  Time since last request: 0.000025 seconds.
  path: Packages/com.unity.postprocessing/PostProcessing/Textures/BlueNoise64px/LDR_LLL1_19.png
  artifactKey: Guid(729a3ae164bcb3b4380459386adcf331) Importer(815301076,1909f56bfc062723c751e8b465ee728b)
Start importing Packages/com.unity.postprocessing/PostProcessing/Textures/BlueNoise64px/LDR_LLL1_19.png using Guid(729a3ae164bcb3b4380459386adcf331) Importer(815301076,1909f56bfc062723c751e8b465ee728b)  -> (artifact id: 'be8fb9b9f12d79da6a981ad7aa7d57ce') in 0.011293 seconds 
========================================================================
Received Import Request.
  Time since last request: 0.000028 seconds.
  path: Packages/com.unity.postprocessing/PostProcessing/Textures/BlueNoise64px/LDR_LLL1_4.png
  artifactKey: Guid(6fa5cf178eaaa5f42b820f636bb6e0bd) Importer(815301076,1909f56bfc062723c751e8b465ee728b)
Start importing Packages/com.unity.postprocessing/PostProcessing/Textures/BlueNoise64px/LDR_LLL1_4.png using Guid(6fa5cf178eaaa5f42b820f636bb6e0bd) Importer(815301076,1909f56bfc062723c751e8b465ee728b)  -> (artifact id: '759a2234e62f9dff00ed772a67bcc49a') in 0.010690 seconds 
========================================================================
Received Import Request.
  Time since last request: 0.000019 seconds.
  path: Packages/com.unity.postprocessing/PostProcessing/Textures/BlueNoise64px/LDR_LLL1_16.png
  artifactKey: Guid(153f7d6dfbe713d4884df0f1e243ba92) Importer(815301076,1909f56bfc062723c751e8b465ee728b)
Start importing Packages/com.unity.postprocessing/PostProcessing/Textures/BlueNoise64px/LDR_LLL1_16.png using Guid(153f7d6dfbe713d4884df0f1e243ba92) Importer(815301076,1909f56bfc062723c751e8b465ee728b)  -> (artifact id: '70e17ed8536a2efd23842a0b24653699') in 0.010827 seconds 
========================================================================
Received Import Request.
  Time since last request: 0.000028 seconds.
  path: Packages/com.unity.postprocessing/PostProcessing/Textures/BlueNoise64px/LDR_LLL1_15.png
  artifactKey: Guid(2ee161d8945169243b5698fec114e1b7) Importer(815301076,1909f56bfc062723c751e8b465ee728b)
Start importing Packages/com.unity.postprocessing/PostProcessing/Textures/BlueNoise64px/LDR_LLL1_15.png using Guid(2ee161d8945169243b5698fec114e1b7) Importer(815301076,1909f56bfc062723c751e8b465ee728b)  -> (artifact id: '6685fe16108fced0f6a318c1c49bb546') in 0.010548 seconds 
========================================================================
Received Import Request.
  Time since last request: 0.000017 seconds.
  path: Assets/Fantasy Skybox FREE/Cubemaps/FS013/Images/FS013_Day_Sunless_Cubemap_down.png
  artifactKey: Guid(864946e2b515a414080fee401eca2422) Importer(815301076,1909f56bfc062723c751e8b465ee728b)
Start importing Assets/Fantasy Skybox FREE/Cubemaps/FS013/Images/FS013_Day_Sunless_Cubemap_down.png using Guid(864946e2b515a414080fee401eca2422) Importer(815301076,1909f56bfc062723c751e8b465ee728b)  -> (artifact id: 'f22ef19b5f6bde2d4c4589041422e73f') in 0.017732 seconds 
========================================================================
Received Import Request.
  Time since last request: 0.000020 seconds.
  path: Assets/Fantasy Skybox FREE/Cubemaps/FS013/Images/FS013_Day_Sunless_Cubemap_left.png
  artifactKey: Guid(8f6c6678540f8c0498eae4a26065b1f6) Importer(815301076,1909f56bfc062723c751e8b465ee728b)
Start importing Assets/Fantasy Skybox FREE/Cubemaps/FS013/Images/FS013_Day_Sunless_Cubemap_left.png using Guid(8f6c6678540f8c0498eae4a26065b1f6) Importer(815301076,1909f56bfc062723c751e8b465ee728b)  -> (artifact id: 'e3ea3c8666faa589bd7a130c786c26a1') in 0.020667 seconds 
========================================================================
Received Import Request.
  Time since last request: 0.000020 seconds.
  path: Assets/Fantasy Skybox FREE/Cubemaps/FS003/Images/FS003_Sunrise_Cubemap.cubemap
  artifactKey: Guid(d01bc0096e819b24db0ea5fbffea90e5) Importer(815301076,1909f56bfc062723c751e8b465ee728b)
Start importing Assets/Fantasy Skybox FREE/Cubemaps/FS003/Images/FS003_Sunrise_Cubemap.cubemap using Guid(d01bc0096e819b24db0ea5fbffea90e5) Importer(815301076,1909f56bfc062723c751e8b465ee728b)  -> (artifact id: 'e230ee29c3008b06e3bc6c38ca3da344') in 0.276745 seconds 
========================================================================
Received Import Request.
  Time since last request: 0.000020 seconds.
  path: Assets/Fantasy Skybox FREE/Cubemaps/FS013/Images/FS013_Day_Cubemap_left.png
  artifactKey: Guid(014727d82348f1a4f8175752fb91f720) Importer(815301076,1909f56bfc062723c751e8b465ee728b)
Start importing Assets/Fantasy Skybox FREE/Cubemaps/FS013/Images/FS013_Day_Cubemap_left.png using Guid(014727d82348f1a4f8175752fb91f720) Importer(815301076,1909f56bfc062723c751e8b465ee728b)  -> (artifact id: 'a7b632782598f976f164f54cc2d6f665') in 0.011241 seconds 
========================================================================
Received Import Request.
  Time since last request: 0.000027 seconds.
  path: Assets/Fantasy Skybox FREE/Cubemaps/FS013/Images/FS013_Sunset_Cubemap_down.png
  artifactKey: Guid(81843544bdbcf7544a4807db93d3f72d) Importer(815301076,1909f56bfc062723c751e8b465ee728b)
Start importing Assets/Fantasy Skybox FREE/Cubemaps/FS013/Images/FS013_Sunset_Cubemap_down.png using Guid(81843544bdbcf7544a4807db93d3f72d) Importer(815301076,1909f56bfc062723c751e8b465ee728b)  -> (artifact id: 'db734da29cbe388f2b4244ccc2a69e01') in 0.014197 seconds 
========================================================================
Received Import Request.
  Time since last request: 0.000016 seconds.
  path: Assets/Fantasy Skybox FREE/Cubemaps/FS013/Images/FS013_Night_Moonless_Cubemap_right.png
  artifactKey: Guid(0c04157e983b36b40abf43be1065bfba) Importer(815301076,1909f56bfc062723c751e8b465ee728b)
Start importing Assets/Fantasy Skybox FREE/Cubemaps/FS013/Images/FS013_Night_Moonless_Cubemap_right.png using Guid(0c04157e983b36b40abf43be1065bfba) Importer(815301076,1909f56bfc062723c751e8b465ee728b)  -> (artifact id: 'b736abeccaf0a5f9b23b5b70d26b1412') in 0.010793 seconds 
========================================================================
Received Import Request.
  Time since last request: 0.000017 seconds.
  path: Packages/com.unity.postprocessing/PostProcessing/Textures/BlueNoise64px/LDR_LLL1_41.png
  artifactKey: Guid(cd9006dc442cc244e89b3f492384d46a) Importer(815301076,1909f56bfc062723c751e8b465ee728b)
Start importing Packages/com.unity.postprocessing/PostProcessing/Textures/BlueNoise64px/LDR_LLL1_41.png using Guid(cd9006dc442cc244e89b3f492384d46a) Importer(815301076,1909f56bfc062723c751e8b465ee728b)  -> (artifact id: 'bf9f8f142f819cadc94be4dbd9c541fb') in 0.015499 seconds 
========================================================================
Received Import Request.
  Time since last request: 0.000020 seconds.
  path: Assets/0_Takanashi/Other/TerrainSnow/TerrainSnow_roughness.png
  artifactKey: Guid(93a256b5e8886b246ab7c464cd488af6) Importer(815301076,1909f56bfc062723c751e8b465ee728b)
Start importing Assets/0_Takanashi/Other/TerrainSnow/TerrainSnow_roughness.png using Guid(93a256b5e8886b246ab7c464cd488af6) Importer(815301076,1909f56bfc062723c751e8b465ee728b)  -> (artifact id: '095f86436a357bfc6ffa7260ff38aa41') in 0.011681 seconds 
========================================================================
Received Import Request.
  Time since last request: 0.000017 seconds.
  path: Assets/Fantasy Skybox FREE/Cubemaps/FS003/Images/FS003_Rainy_Cubemap_back.png
  artifactKey: Guid(f6ac85863725c724494103bfc8dc111c) Importer(815301076,1909f56bfc062723c751e8b465ee728b)
Start importing Assets/Fantasy Skybox FREE/Cubemaps/FS003/Images/FS003_Rainy_Cubemap_back.png using Guid(f6ac85863725c724494103bfc8dc111c) Importer(815301076,1909f56bfc062723c751e8b465ee728b)  -> (artifact id: 'b4b78e500d79edde12ce815a3ed9cf29') in 0.011750 seconds 
========================================================================
Received Import Request.
  Time since last request: 0.000017 seconds.
  path: Assets/Fantasy Skybox FREE/Panoramics/FS017/FS017_Sunrise.png
  artifactKey: Guid(5e24d3ca061bf2b48a3e334c5cc4eab1) Importer(815301076,1909f56bfc062723c751e8b465ee728b)
Start importing Assets/Fantasy Skybox FREE/Panoramics/FS017/FS017_Sunrise.png using Guid(5e24d3ca061bf2b48a3e334c5cc4eab1) Importer(815301076,1909f56bfc062723c751e8b465ee728b)  -> (artifact id: '2ca1a9da751572c4252f9e8ff805ad87') in 0.013058 seconds 
========================================================================
Received Import Request.
  Time since last request: 0.000019 seconds.
  path: Packages/com.unity.postprocessing/PostProcessing/Textures/BlueNoise64px/LDR_LLL1_0.png
  artifactKey: Guid(50b54341495978843a6f85583ed4417d) Importer(815301076,1909f56bfc062723c751e8b465ee728b)
Start importing Packages/com.unity.postprocessing/PostProcessing/Textures/BlueNoise64px/LDR_LLL1_0.png using Guid(50b54341495978843a6f85583ed4417d) Importer(815301076,1909f56bfc062723c751e8b465ee728b)  -> (artifact id: 'b2d703027bf3c690c7bffbab3dbee84e') in 0.009530 seconds 
========================================================================
Received Import Request.
  Time since last request: 0.000019 seconds.
  path: Assets/0_Takanashi/Other/TerrainSnow/TerrainSnow_normal.png
  artifactKey: Guid(f520cd20275b2ea409783c8ced5a73bc) Importer(815301076,1909f56bfc062723c751e8b465ee728b)
Start importing Assets/0_Takanashi/Other/TerrainSnow/TerrainSnow_normal.png using Guid(f520cd20275b2ea409783c8ced5a73bc) Importer(815301076,1909f56bfc062723c751e8b465ee728b)  -> (artifact id: '4cfcc2193927d7307aee11bca629b0e7') in 0.012186 seconds 
========================================================================
Received Import Request.
  Time since last request: 0.000018 seconds.
  path: Assets/Fantasy Skybox FREE/Cubemaps/FS017/Images/FS017_Sunrise_Cubemap_back.png
  artifactKey: Guid(67bdf894ef942e54dbb7517bf80d7eda) Importer(815301076,1909f56bfc062723c751e8b465ee728b)
Start importing Assets/Fantasy Skybox FREE/Cubemaps/FS017/Images/FS017_Sunrise_Cubemap_back.png using Guid(67bdf894ef942e54dbb7517bf80d7eda) Importer(815301076,1909f56bfc062723c751e8b465ee728b)  -> (artifact id: '50fd6210e7fc88e0e9324586ad994a0d') in 0.010368 seconds 
========================================================================
Received Import Request.
  Time since last request: 0.000017 seconds.
  path: Assets/Fantasy Skybox FREE/Cubemaps/FS003/Images/FS003_Sunset_Cubemap_right.png
  artifactKey: Guid(d533b63a73a0593468356a0aae73b209) Importer(815301076,1909f56bfc062723c751e8b465ee728b)
Start importing Assets/Fantasy Skybox FREE/Cubemaps/FS003/Images/FS003_Sunset_Cubemap_right.png using Guid(d533b63a73a0593468356a0aae73b209) Importer(815301076,1909f56bfc062723c751e8b465ee728b)  -> (artifact id: 'f4bde2e4d0b5669805eda4319875b111') in 0.010818 seconds 
========================================================================
Received Import Request.
  Time since last request: 0.000017 seconds.
  path: Assets/Fantasy Skybox FREE/Cubemaps/FS013/Images/FS013_Sunrise_Cubemap_left.png
  artifactKey: Guid(72df2cd304d1f394a9d802d5e321e61a) Importer(815301076,1909f56bfc062723c751e8b465ee728b)
Start importing Assets/Fantasy Skybox FREE/Cubemaps/FS013/Images/FS013_Sunrise_Cubemap_left.png using Guid(72df2cd304d1f394a9d802d5e321e61a) Importer(815301076,1909f56bfc062723c751e8b465ee728b)  -> (artifact id: '81eaf3a27b1aada8b52872c517913b2b') in 0.011301 seconds 
========================================================================
Received Import Request.
  Time since last request: 0.000016 seconds.
  path: Assets/Fantasy Skybox FREE/Panoramics/FS017/FS017_Day_Sunless.png
  artifactKey: Guid(268c93021d7cf59469304bd4e244f156) Importer(815301076,1909f56bfc062723c751e8b465ee728b)
Start importing Assets/Fantasy Skybox FREE/Panoramics/FS017/FS017_Day_Sunless.png using Guid(268c93021d7cf59469304bd4e244f156) Importer(815301076,1909f56bfc062723c751e8b465ee728b)  -> (artifact id: 'd2f98cb8f912d528835b920641373d08') in 0.010494 seconds 
========================================================================
Received Import Request.
  Time since last request: 0.000022 seconds.
  path: Assets/0_Takanashi/Other/TerrainGrass/TerrainGrass_basecolor.png
  artifactKey: Guid(6dc430d5c113ab14c91065b0117acafb) Importer(815301076,1909f56bfc062723c751e8b465ee728b)
Start importing Assets/0_Takanashi/Other/TerrainGrass/TerrainGrass_basecolor.png using Guid(6dc430d5c113ab14c91065b0117acafb) Importer(815301076,1909f56bfc062723c751e8b465ee728b)  -> (artifact id: '5118ded5d347ace40b1b170fa5c8ccb1') in 0.015586 seconds 
========================================================================
Received Import Request.
  Time since last request: 0.000035 seconds.
  path: Packages/com.unity.postprocessing/PostProcessing/Textures/BlueNoise64px/LDR_LLL1_50.png
  artifactKey: Guid(d8c290e38ff0425409d0ae6a98c95e41) Importer(815301076,1909f56bfc062723c751e8b465ee728b)
Start importing Packages/com.unity.postprocessing/PostProcessing/Textures/BlueNoise64px/LDR_LLL1_50.png using Guid(d8c290e38ff0425409d0ae6a98c95e41) Importer(815301076,1909f56bfc062723c751e8b465ee728b)  -> (artifact id: '0f49cd4e195a58a7236b7a276ecda3bf') in 0.009727 seconds 
========================================================================
Received Import Request.
  Time since last request: 0.000019 seconds.
  path: Packages/com.unity.postprocessing/PostProcessing/Textures/BlueNoise64px/LDR_LLL1_49.png
  artifactKey: Guid(3f7c3687170b90e4a8d2ee6b142670f4) Importer(815301076,1909f56bfc062723c751e8b465ee728b)
Start importing Packages/com.unity.postprocessing/PostProcessing/Textures/BlueNoise64px/LDR_LLL1_49.png using Guid(3f7c3687170b90e4a8d2ee6b142670f4) Importer(815301076,1909f56bfc062723c751e8b465ee728b)  -> (artifact id: '80822a1b7893a4c8dd49053760eb3a64') in 0.009898 seconds 
========================================================================
Received Import Request.
  Time since last request: 0.000022 seconds.
  path: Packages/com.unity.postprocessing/PostProcessing/Textures/BlueNoise64px/LDR_LLL1_48.png
  artifactKey: Guid(aff59c63d25d43f4c938f248837c30fb) Importer(815301076,1909f56bfc062723c751e8b465ee728b)
Start importing Packages/com.unity.postprocessing/PostProcessing/Textures/BlueNoise64px/LDR_LLL1_48.png using Guid(aff59c63d25d43f4c938f248837c30fb) Importer(815301076,1909f56bfc062723c751e8b465ee728b)  -> (artifact id: '4884be0f95beae5f596fc1c4a2dcb521') in 0.010498 seconds 
========================================================================
Received Import Request.
  Time since last request: 0.000019 seconds.
  path: Assets/Fantasy Skybox FREE/Cubemaps/FS013/Images/FS013_Night_Cubemap_up.png
  artifactKey: Guid(509bd86752904584f86472d3b0cde574) Importer(815301076,1909f56bfc062723c751e8b465ee728b)
Start importing Assets/Fantasy Skybox FREE/Cubemaps/FS013/Images/FS013_Night_Cubemap_up.png using Guid(509bd86752904584f86472d3b0cde574) Importer(815301076,1909f56bfc062723c751e8b465ee728b)  -> (artifact id: 'f97eb734228c6ae874e7ef711112d95c') in 0.010903 seconds 
========================================================================
Received Import Request.
  Time since last request: 0.000016 seconds.
  path: Assets/Fantasy Skybox FREE/Cubemaps/FS017/Images/FS017_Day_Cubemap_down.png
  artifactKey: Guid(3ff2c9760785dd641953e7ccd7baa5a7) Importer(815301076,1909f56bfc062723c751e8b465ee728b)
Start importing Assets/Fantasy Skybox FREE/Cubemaps/FS017/Images/FS017_Day_Cubemap_down.png using Guid(3ff2c9760785dd641953e7ccd7baa5a7) Importer(815301076,1909f56bfc062723c751e8b465ee728b)  -> (artifact id: '8f518dab7c653846e00b176a0fa330ec') in 0.010741 seconds 
========================================================================
Received Import Request.
  Time since last request: 0.000023 seconds.
  path: Assets/Fantasy Skybox FREE/Cubemaps/FS017/Images/FS017_Day_Sunless_Cubemap.cubemap
  artifactKey: Guid(cbfea6894aaaf174bae263a99e856595) Importer(815301076,1909f56bfc062723c751e8b465ee728b)
Start importing Assets/Fantasy Skybox FREE/Cubemaps/FS017/Images/FS017_Day_Sunless_Cubemap.cubemap using Guid(cbfea6894aaaf174bae263a99e856595) Importer(815301076,1909f56bfc062723c751e8b465ee728b)  -> (artifact id: 'a16205cbcfa26efdbe4569007057e1de') in 0.280177 seconds 
========================================================================
Received Import Request.
  Time since last request: 0.000021 seconds.
  path: Assets/0_Takanashi/Other/TerrainRock/TerrainRock_basecolor.png
  artifactKey: Guid(82bdee967b2bb5742ae7493e6f7f90cf) Importer(815301076,1909f56bfc062723c751e8b465ee728b)
Start importing Assets/0_Takanashi/Other/TerrainRock/TerrainRock_basecolor.png using Guid(82bdee967b2bb5742ae7493e6f7f90cf) Importer(815301076,1909f56bfc062723c751e8b465ee728b)  -> (artifact id: '423c1054476122e283d47bedfcd93fd5') in 0.012531 seconds 
========================================================================
Received Import Request.
  Time since last request: 0.000026 seconds.
  path: Assets/Fantasy Skybox FREE/Cubemaps/FS002/Images/FS002_Sunrise_Cubemap_front.png
  artifactKey: Guid(3af64c6c8b148e742a850fa606a286b0) Importer(815301076,1909f56bfc062723c751e8b465ee728b)
Start importing Assets/Fantasy Skybox FREE/Cubemaps/FS002/Images/FS002_Sunrise_Cubemap_front.png using Guid(3af64c6c8b148e742a850fa606a286b0) Importer(815301076,1909f56bfc062723c751e8b465ee728b)  -> (artifact id: 'dcdcfcada6dd42bdb2b5e7a417896418') in 0.011939 seconds 
========================================================================
Received Import Request.
  Time since last request: 0.000017 seconds.
  path: Assets/Fantasy Skybox FREE/Cubemaps/FS002/Images/FS002_Sunset_Cubemap_front.png
  artifactKey: Guid(6d8406ccba0700c4886ae844afb80f57) Importer(815301076,1909f56bfc062723c751e8b465ee728b)
Start importing Assets/Fantasy Skybox FREE/Cubemaps/FS002/Images/FS002_Sunset_Cubemap_front.png using Guid(6d8406ccba0700c4886ae844afb80f57) Importer(815301076,1909f56bfc062723c751e8b465ee728b)  -> (artifact id: '499e1b0105f20788efac6533d2ad6a0e') in 0.011245 seconds 
========================================================================
Received Import Request.
  Time since last request: 0.000019 seconds.
  path: Assets/Fantasy Skybox FREE/Cubemaps/FS003/Images/FS003_Sunset_Cubemap_left.png
  artifactKey: Guid(e5f72fc42958c9c4c8bbb203412c3af3) Importer(815301076,1909f56bfc062723c751e8b465ee728b)
Start importing Assets/Fantasy Skybox FREE/Cubemaps/FS003/Images/FS003_Sunset_Cubemap_left.png using Guid(e5f72fc42958c9c4c8bbb203412c3af3) Importer(815301076,1909f56bfc062723c751e8b465ee728b)  -> (artifact id: '88264ab9adb59c3228f82100fc8a64d9') in 0.011716 seconds 
========================================================================
Received Import Request.
  Time since last request: 0.000018 seconds.
  path: Assets/Fantasy Skybox FREE/Cubemaps/FS017/Images/FS017_Sunset_Cubemap_front.png
  artifactKey: Guid(528c16267a381804d8f60399ed04802b) Importer(815301076,1909f56bfc062723c751e8b465ee728b)
Start importing Assets/Fantasy Skybox FREE/Cubemaps/FS017/Images/FS017_Sunset_Cubemap_front.png using Guid(528c16267a381804d8f60399ed04802b) Importer(815301076,1909f56bfc062723c751e8b465ee728b)  -> (artifact id: '912c0149946395e60b92ae5970a3e884') in 0.010498 seconds 
========================================================================
Received Import Request.
  Time since last request: 0.000018 seconds.
  path: Assets/Fantasy Skybox FREE/Cubemaps/FS003/Images/FS003_Day_Cubemap_left.png
  artifactKey: Guid(8c7c4d20a1cfc9741a5fa3928843f518) Importer(815301076,1909f56bfc062723c751e8b465ee728b)
Start importing Assets/Fantasy Skybox FREE/Cubemaps/FS003/Images/FS003_Day_Cubemap_left.png using Guid(8c7c4d20a1cfc9741a5fa3928843f518) Importer(815301076,1909f56bfc062723c751e8b465ee728b)  -> (artifact id: '85c752b273c0c8f114277ce0c31e2bbe') in 0.011066 seconds 
========================================================================
Received Import Request.
  Time since last request: 0.000018 seconds.
  path: Packages/com.unity.postprocessing/PostProcessing/Textures/BlueNoise64px/LDR_LLL1_13.png
  artifactKey: Guid(68613e6a221be1a4b9f31d7fa1c2d1bf) Importer(815301076,1909f56bfc062723c751e8b465ee728b)
Start importing Packages/com.unity.postprocessing/PostProcessing/Textures/BlueNoise64px/LDR_LLL1_13.png using Guid(68613e6a221be1a4b9f31d7fa1c2d1bf) Importer(815301076,1909f56bfc062723c751e8b465ee728b)  -> (artifact id: '5599f338900868f83e423abd2cb65d1d') in 0.009807 seconds 
========================================================================
Received Import Request.
  Time since last request: 0.000016 seconds.
  path: Assets/Fantasy Skybox FREE/Cubemaps/FS013/Images/FS013_Sunset_Cubemap.cubemap
  artifactKey: Guid(896b9da9b4029944fb571a2313d94de7) Importer(815301076,1909f56bfc062723c751e8b465ee728b)
Start importing Assets/Fantasy Skybox FREE/Cubemaps/FS013/Images/FS013_Sunset_Cubemap.cubemap using Guid(896b9da9b4029944fb571a2313d94de7) Importer(815301076,1909f56bfc062723c751e8b465ee728b)  -> (artifact id: '81c63cc35b6d2b3bfd3b9b0e25d60316') in 0.280400 seconds 
Editor requested this worker to shutdown with reason: Scaling down because of idle timeout
AssetImportWorker is now disconnected from the server
Process exiting
Exiting without the bug reporter. Application will terminate with return code 0